[INFO ][2017/04/28 10:03:15612][org.springframework.web.context.ContextLoader.initWebApplicationContext(ContextLoader.java:285)]
Root WebApplicationContext: initialization started
 [INFO ][2017/04/28 10:03:15612][org.springframework.web.context.ContextLoader.initWebApplicationContext(ContextLoader.java:285)]
Root WebApplicationContext: initialization started
 [INFO ][2017/04/28 10:03:15679][org.springframework.context.support.AbstractApplicationContext.prepareRefresh(AbstractApplicationContext.java:513)]
Refreshing Root WebApplicationContext: startup date [Fri Apr 28 10:03:15 CST 2017]; root of context hierarchy
 [INFO ][2017/04/28 10:03:15679][org.springframework.context.support.AbstractApplicationContext.prepareRefresh(AbstractApplicationContext.java:513)]
Refreshing Root WebApplicationContext: startup date [Fri Apr 28 10:03:15 CST 2017]; root of context hierarchy
 [INFO ][2017/04/28 10:03:15713][org.springframework.beans.factory.xml.XmlBeanDefinitionReader.loadBeanDefinitions(XmlBeanDefinitionReader.java:316)]
Loading XML bean definitions from ServletContext resource [/WEB-INF/applicationContext.xml]
 [INFO ][2017/04/28 10:03:15713][org.springframework.beans.factory.xml.XmlBeanDefinitionReader.loadBeanDefinitions(XmlBeanDefinitionReader.java:316)]
Loading XML bean definitions from ServletContext resource [/WEB-INF/applicationContext.xml]
 [INFO ][2017/04/28 10:03:15928][org.springframework.beans.factory.annotation.AutowiredAnnotationBeanPostProcessor.<init>(AutowiredAnnotationBeanPostProcessor.java:141)]
JSR-330 'javax.inject.Inject' annotation found and supported for autowiring
 [INFO ][2017/04/28 10:03:15928][org.springframework.beans.factory.annotation.AutowiredAnnotationBeanPostProcessor.<init>(AutowiredAnnotationBeanPostProcessor.java:141)]
JSR-330 'javax.inject.Inject' annotation found and supported for autowiring
 [INFO ][2017/04/28 10:03:16229][org.quartz.impl.StdSchedulerFactory.instantiate(StdSchedulerFactory.java:1184)]
Using default implementation for ThreadExecutor
 [INFO ][2017/04/28 10:03:16229][org.quartz.impl.StdSchedulerFactory.instantiate(StdSchedulerFactory.java:1184)]
Using default implementation for ThreadExecutor
 [INFO ][2017/04/28 10:03:16243][org.quartz.core.SchedulerSignalerImpl.<init>(SchedulerSignalerImpl.java:61)]
Initialized Scheduler Signaller of type: class org.quartz.core.SchedulerSignalerImpl
 [INFO ][2017/04/28 10:03:16243][org.quartz.core.SchedulerSignalerImpl.<init>(SchedulerSignalerImpl.java:61)]
Initialized Scheduler Signaller of type: class org.quartz.core.SchedulerSignalerImpl
 [INFO ][2017/04/28 10:03:16245][org.quartz.core.QuartzScheduler.<init>(QuartzScheduler.java:240)]
Quartz Scheduler v.2.2.1 created.
 [INFO ][2017/04/28 10:03:16245][org.quartz.core.QuartzScheduler.<init>(QuartzScheduler.java:240)]
Quartz Scheduler v.2.2.1 created.
 [INFO ][2017/04/28 10:03:16248][org.quartz.simpl.RAMJobStore.initialize(RAMJobStore.java:155)]
RAMJobStore initialized.
 [INFO ][2017/04/28 10:03:16248][org.quartz.simpl.RAMJobStore.initialize(RAMJobStore.java:155)]
RAMJobStore initialized.
 [INFO ][2017/04/28 10:03:16250][org.quartz.core.QuartzScheduler.initialize(QuartzScheduler.java:305)]
Scheduler meta-data: Quartz Scheduler (v2.2.1) 'org.springframework.scheduling.quartz.SchedulerFactoryBean#0' with instanceId 'NON_CLUSTERED'
  Scheduler class: 'org.quartz.core.QuartzScheduler' - running locally.
  NOT STARTED.
  Currently in standby mode.
  Number of jobs executed: 0
  Using thread pool 'org.quartz.simpl.SimpleThreadPool' - with 10 threads.
  Using job-store 'org.quartz.simpl.RAMJobStore' - which does not support persistence. and is not clustered.

 [INFO ][2017/04/28 10:03:16250][org.quartz.core.QuartzScheduler.initialize(QuartzScheduler.java:305)]
Scheduler meta-data: Quartz Scheduler (v2.2.1) 'org.springframework.scheduling.quartz.SchedulerFactoryBean#0' with instanceId 'NON_CLUSTERED'
  Scheduler class: 'org.quartz.core.QuartzScheduler' - running locally.
  NOT STARTED.
  Currently in standby mode.
  Number of jobs executed: 0
  Using thread pool 'org.quartz.simpl.SimpleThreadPool' - with 10 threads.
  Using job-store 'org.quartz.simpl.RAMJobStore' - which does not support persistence. and is not clustered.

 [INFO ][2017/04/28 10:03:16255][org.quartz.impl.StdSchedulerFactory.instantiate(StdSchedulerFactory.java:1339)]
Quartz scheduler 'org.springframework.scheduling.quartz.SchedulerFactoryBean#0' initialized from an externally provided properties instance.
 [INFO ][2017/04/28 10:03:16255][org.quartz.impl.StdSchedulerFactory.instantiate(StdSchedulerFactory.java:1339)]
Quartz scheduler 'org.springframework.scheduling.quartz.SchedulerFactoryBean#0' initialized from an externally provided properties instance.
 [INFO ][2017/04/28 10:03:16257][org.quartz.impl.StdSchedulerFactory.instantiate(StdSchedulerFactory.java:1343)]
Quartz scheduler version: 2.2.1
 [INFO ][2017/04/28 10:03:16257][org.quartz.impl.StdSchedulerFactory.instantiate(StdSchedulerFactory.java:1343)]
Quartz scheduler version: 2.2.1
 [INFO ][2017/04/28 10:03:16260][org.quartz.core.QuartzScheduler.setJobFactory(QuartzScheduler.java:2311)]
JobFactory set to: org.springframework.scheduling.quartz.AdaptableJobFactory@578a1898
 [INFO ][2017/04/28 10:03:16260][org.quartz.core.QuartzScheduler.setJobFactory(QuartzScheduler.java:2311)]
JobFactory set to: org.springframework.scheduling.quartz.AdaptableJobFactory@578a1898
 [INFO ][2017/04/28 10:03:16265][org.springframework.context.support.DefaultLifecycleProcessor$LifecycleGroup.start(DefaultLifecycleProcessor.java:341)]
Starting beans in phase 2147483647
 [INFO ][2017/04/28 10:03:16265][org.springframework.context.support.DefaultLifecycleProcessor$LifecycleGroup.start(DefaultLifecycleProcessor.java:341)]
Starting beans in phase 2147483647
 [INFO ][2017/04/28 10:03:16267][org.springframework.scheduling.quartz.SchedulerFactoryBean.startScheduler(SchedulerFactoryBean.java:649)]
Starting Quartz Scheduler now
 [INFO ][2017/04/28 10:03:16267][org.springframework.scheduling.quartz.SchedulerFactoryBean.startScheduler(SchedulerFactoryBean.java:649)]
Starting Quartz Scheduler now
 [INFO ][2017/04/28 10:03:16268][org.quartz.core.QuartzScheduler.start(QuartzScheduler.java:575)]
Scheduler org.springframework.scheduling.quartz.SchedulerFactoryBean#0_$_NON_CLUSTERED started.
 [INFO ][2017/04/28 10:03:16268][org.quartz.core.QuartzScheduler.start(QuartzScheduler.java:575)]
Scheduler org.springframework.scheduling.quartz.SchedulerFactoryBean#0_$_NON_CLUSTERED started.
 [INFO ][2017/04/28 10:03:16275][org.springframework.web.context.ContextLoader.initWebApplicationContext(ContextLoader.java:325)]
Root WebApplicationContext: initialization completed in 659 ms
 [INFO ][2017/04/28 10:03:16275][org.springframework.web.context.ContextLoader.initWebApplicationContext(ContextLoader.java:325)]
Root WebApplicationContext: initialization completed in 659 ms
 [INFO ][2017/04/28 10:03:16302][org.springframework.web.servlet.FrameworkServlet.initServletBean(FrameworkServlet.java:479)]
FrameworkServlet 'hfcnms': initialization started
 [INFO ][2017/04/28 10:03:16302][org.springframework.web.servlet.FrameworkServlet.initServletBean(FrameworkServlet.java:479)]
FrameworkServlet 'hfcnms': initialization started
 [INFO ][2017/04/28 10:03:16307][org.springframework.context.support.AbstractApplicationContext.prepareRefresh(AbstractApplicationContext.java:513)]
Refreshing WebApplicationContext for namespace 'hfcnms-servlet': startup date [Fri Apr 28 10:03:16 CST 2017]; parent: Root WebApplicationContext
 [INFO ][2017/04/28 10:03:16307][org.springframework.context.support.AbstractApplicationContext.prepareRefresh(AbstractApplicationContext.java:513)]
Refreshing WebApplicationContext for namespace 'hfcnms-servlet': startup date [Fri Apr 28 10:03:16 CST 2017]; parent: Root WebApplicationContext
 [INFO ][2017/04/28 10:03:16310][org.springframework.beans.factory.xml.XmlBeanDefinitionReader.loadBeanDefinitions(XmlBeanDefinitionReader.java:316)]
Loading XML bean definitions from ServletContext resource [/WEB-INF/hfcnms-config.xml]
 [INFO ][2017/04/28 10:03:16310][org.springframework.beans.factory.xml.XmlBeanDefinitionReader.loadBeanDefinitions(XmlBeanDefinitionReader.java:316)]
Loading XML bean definitions from ServletContext resource [/WEB-INF/hfcnms-config.xml]
 [INFO ][2017/04/28 10:03:16419][org.springframework.beans.factory.annotation.AutowiredAnnotationBeanPostProcessor.<init>(AutowiredAnnotationBeanPostProcessor.java:141)]
JSR-330 'javax.inject.Inject' annotation found and supported for autowiring
 [INFO ][2017/04/28 10:03:16419][org.springframework.beans.factory.annotation.AutowiredAnnotationBeanPostProcessor.<init>(AutowiredAnnotationBeanPostProcessor.java:141)]
JSR-330 'javax.inject.Inject' annotation found and supported for autowiring
 [INFO ][2017/04/28 10:03:16990][org.springframework.web.servlet.handler.AbstractUrlHandlerMapping.registerHandler(AbstractUrlHandlerMapping.java:315)]
Mapped URL path [/resources/**] onto handler 'org.springframework.web.servlet.resource.ResourceHttpRequestHandler#0'
 [INFO ][2017/04/28 10:03:16990][org.springframework.web.servlet.handler.AbstractUrlHandlerMapping.registerHandler(AbstractUrlHandlerMapping.java:315)]
Mapped URL path [/resources/**] onto handler 'org.springframework.web.servlet.resource.ResourceHttpRequestHandler#0'
 [INFO ][2017/04/28 10:03:172  ][org.springframework.web.servlet.handler.AbstractUrlHandlerMapping.registerHandler(AbstractUrlHandlerMapping.java:315)]
Mapped URL path [/**] onto handler 'org.springframework.web.servlet.resource.DefaultServletHttpRequestHandler#0'
 [INFO ][2017/04/28 10:03:172  ][org.springframework.web.servlet.handler.AbstractUrlHandlerMapping.registerHandler(AbstractUrlHandlerMapping.java:315)]
Mapped URL path [/**] onto handler 'org.springframework.web.servlet.resource.DefaultServletHttpRequestHandler#0'
 [INFO ][2017/04/28 10:03:1754 ][org.springframework.web.servlet.FrameworkServlet.initServletBean(FrameworkServlet.java:498)]
FrameworkServlet 'hfcnms': initialization completed in 751 ms
 [INFO ][2017/04/28 10:03:1754 ][org.springframework.web.servlet.FrameworkServlet.initServletBean(FrameworkServlet.java:498)]
FrameworkServlet 'hfcnms': initialization completed in 751 ms
 [INFO ][2017/04/28 10:03:19189][com.xinlong.Services.TrapReceiverBean.start(TrapReceiverBean.java:53)]
trapreceiver.start() action called, start trap receivering..........
 [INFO ][2017/04/28 10:03:19189][com.xinlong.Services.TrapReceiverBean.start(TrapReceiverBean.java:53)]
trapreceiver.start() action called, start trap receivering..........
 [INFO ][2017/05/08 09:51:28204][org.springframework.web.context.ContextLoader.initWebApplicationContext(ContextLoader.java:285)]
Root WebApplicationContext: initialization started
 [INFO ][2017/05/08 09:51:28286][org.springframework.context.support.AbstractApplicationContext.prepareRefresh(AbstractApplicationContext.java:513)]
Refreshing Root WebApplicationContext: startup date [Mon May 08 09:51:28 CST 2017]; root of context hierarchy
 [INFO ][2017/05/08 09:51:28345][org.springframework.beans.factory.xml.XmlBeanDefinitionReader.loadBeanDefinitions(XmlBeanDefinitionReader.java:316)]
Loading XML bean definitions from ServletContext resource [/WEB-INF/applicationContext.xml]
 [INFO ][2017/05/08 09:51:28772][org.springframework.beans.factory.annotation.AutowiredAnnotationBeanPostProcessor.<init>(AutowiredAnnotationBeanPostProcessor.java:141)]
JSR-330 'javax.inject.Inject' annotation found and supported for autowiring
 [ERROR][2017/05/08 09:51:2919 ][org.springframework.web.context.ContextLoader.initWebApplicationContext(ContextLoader.java:331)]
Context initialization failed
 org.springframework.beans.factory.CannotLoadBeanClassException: Cannot find class [com.xinlong.Services.ServiceDB] for bean with name 'hfcDBProcessor' defined in ServletContext resource [/WEB-INF/applicationContext.xml]; nested exception is java.lang.ClassNotFoundException: com.xinlong.Services.ServiceDB
	at org.springframework.beans.factory.support.AbstractBeanFactory.resolveBeanClass(AbstractBeanFactory.java:1325)
	at org.springframework.beans.factory.support.AbstractAutowireCapableBeanFactory.predictBeanType(AbstractAutowireCapableBeanFactory.java:594)
	at org.springframework.beans.factory.support.AbstractBeanFactory.isFactoryBean(AbstractBeanFactory.java:1394)
	at org.springframework.beans.factory.support.AbstractBeanFactory.isFactoryBean(AbstractBeanFactory.java:957)
	at org.springframework.beans.factory.support.DefaultListableBeanFactory.preInstantiateSingletons(DefaultListableBeanFactory.java:683)
	at org.springframework.context.support.AbstractApplicationContext.finishBeanFactoryInitialization(AbstractApplicationContext.java:760)
	at org.springframework.context.support.AbstractApplicationContext.refresh(AbstractApplicationContext.java:482)
	at org.springframework.web.context.ContextLoader.configureAndRefreshWebApplicationContext(ContextLoader.java:403)
	at org.springframework.web.context.ContextLoader.initWebApplicationContext(ContextLoader.java:306)
	at org.springframework.web.context.ContextLoaderListener.contextInitialized(ContextLoaderListener.java:106)
	at org.apache.catalina.core.StandardContext.listenerStart(StandardContext.java:4939)
	at org.apache.catalina.core.StandardContext.startInternal(StandardContext.java:5434)
	at org.apache.catalina.util.LifecycleBase.start(LifecycleBase.java:150)
	at org.apache.catalina.core.ContainerBase$StartChild.call(ContainerBase.java:1559)
	at org.apache.catalina.core.ContainerBase$StartChild.call(ContainerBase.java:1549)
	at java.util.concurrent.FutureTask.run(FutureTask.java:262)
	at java.util.concurrent.ThreadPoolExecutor.runWorker(ThreadPoolExecutor.java:1145)
	at java.util.concurrent.ThreadPoolExecutor$Worker.run(ThreadPoolExecutor.java:615)
	at java.lang.Thread.run(Thread.java:745)
Caused by: java.lang.ClassNotFoundException: com.xinlong.Services.ServiceDB
	at org.apache.catalina.loader.WebappClassLoader.loadClass(WebappClassLoader.java:1702)
	at org.apache.catalina.loader.WebappClassLoader.loadClass(WebappClassLoader.java:1547)
	at org.springframework.util.ClassUtils.forName(ClassUtils.java:247)
	at org.springframework.beans.factory.support.AbstractBeanDefinition.resolveBeanClass(AbstractBeanDefinition.java:395)
	at org.springframework.beans.factory.support.AbstractBeanFactory.doResolveBeanClass(AbstractBeanFactory.java:1346)
	at org.springframework.beans.factory.support.AbstractBeanFactory.resolveBeanClass(AbstractBeanFactory.java:1317)
	... 18 more
[INFO ][2017/05/08 09:54:24731][org.springframework.web.context.ContextLoader.initWebApplicationContext(ContextLoader.java:285)]
Root WebApplicationContext: initialization started
 [INFO ][2017/05/08 09:54:24795][org.springframework.context.support.AbstractApplicationContext.prepareRefresh(AbstractApplicationContext.java:513)]
Refreshing Root WebApplicationContext: startup date [Mon May 08 09:54:24 CST 2017]; root of context hierarchy
 [INFO ][2017/05/08 09:54:24826][org.springframework.beans.factory.xml.XmlBeanDefinitionReader.loadBeanDefinitions(XmlBeanDefinitionReader.java:316)]
Loading XML bean definitions from ServletContext resource [/WEB-INF/applicationContext.xml]
 [INFO ][2017/05/08 09:54:2530 ][org.springframework.beans.factory.annotation.AutowiredAnnotationBeanPostProcessor.<init>(AutowiredAnnotationBeanPostProcessor.java:141)]
JSR-330 'javax.inject.Inject' annotation found and supported for autowiring
 [INFO ][2017/05/08 09:54:25316][org.quartz.impl.StdSchedulerFactory.instantiate(StdSchedulerFactory.java:1184)]
Using default implementation for ThreadExecutor
 [INFO ][2017/05/08 09:54:25403][org.quartz.core.SchedulerSignalerImpl.<init>(SchedulerSignalerImpl.java:61)]
Initialized Scheduler Signaller of type: class org.quartz.core.SchedulerSignalerImpl
 [INFO ][2017/05/08 09:54:25404][org.quartz.core.QuartzScheduler.<init>(QuartzScheduler.java:240)]
Quartz Scheduler v.2.2.1 created.
 [INFO ][2017/05/08 09:54:25407][org.quartz.simpl.RAMJobStore.initialize(RAMJobStore.java:155)]
RAMJobStore initialized.
 [INFO ][2017/05/08 09:54:25408][org.quartz.core.QuartzScheduler.initialize(QuartzScheduler.java:305)]
Scheduler meta-data: Quartz Scheduler (v2.2.1) 'org.springframework.scheduling.quartz.SchedulerFactoryBean#0' with instanceId 'NON_CLUSTERED'
  Scheduler class: 'org.quartz.core.QuartzScheduler' - running locally.
  NOT STARTED.
  Currently in standby mode.
  Number of jobs executed: 0
  Using thread pool 'org.quartz.simpl.SimpleThreadPool' - with 10 threads.
  Using job-store 'org.quartz.simpl.RAMJobStore' - which does not support persistence. and is not clustered.

 [INFO ][2017/05/08 09:54:25414][org.quartz.impl.StdSchedulerFactory.instantiate(StdSchedulerFactory.java:1339)]
Quartz scheduler 'org.springframework.scheduling.quartz.SchedulerFactoryBean#0' initialized from an externally provided properties instance.
 [INFO ][2017/05/08 09:54:25416][org.quartz.impl.StdSchedulerFactory.instantiate(StdSchedulerFactory.java:1343)]
Quartz scheduler version: 2.2.1
 [INFO ][2017/05/08 09:54:25418][org.quartz.core.QuartzScheduler.setJobFactory(QuartzScheduler.java:2311)]
JobFactory set to: org.springframework.scheduling.quartz.AdaptableJobFactory@132bb00
 [INFO ][2017/05/08 09:54:25423][org.springframework.context.support.DefaultLifecycleProcessor$LifecycleGroup.start(DefaultLifecycleProcessor.java:341)]
Starting beans in phase 2147483647
 [INFO ][2017/05/08 09:54:25425][org.springframework.scheduling.quartz.SchedulerFactoryBean.startScheduler(SchedulerFactoryBean.java:649)]
Starting Quartz Scheduler now
 [INFO ][2017/05/08 09:54:25427][org.quartz.core.QuartzScheduler.start(QuartzScheduler.java:575)]
Scheduler org.springframework.scheduling.quartz.SchedulerFactoryBean#0_$_NON_CLUSTERED started.
 [INFO ][2017/05/08 09:54:25434][org.springframework.web.context.ContextLoader.initWebApplicationContext(ContextLoader.java:325)]
Root WebApplicationContext: initialization completed in 700 ms
 [INFO ][2017/05/08 09:54:25461][org.springframework.web.servlet.FrameworkServlet.initServletBean(FrameworkServlet.java:479)]
FrameworkServlet 'hfcnms': initialization started
 [INFO ][2017/05/08 09:54:25467][org.springframework.context.support.AbstractApplicationContext.prepareRefresh(AbstractApplicationContext.java:513)]
Refreshing WebApplicationContext for namespace 'hfcnms-servlet': startup date [Mon May 08 09:54:25 CST 2017]; parent: Root WebApplicationContext
 [INFO ][2017/05/08 09:54:25470][org.springframework.beans.factory.xml.XmlBeanDefinitionReader.loadBeanDefinitions(XmlBeanDefinitionReader.java:316)]
Loading XML bean definitions from ServletContext resource [/WEB-INF/hfcnms-config.xml]
 [INFO ][2017/05/08 09:54:25643][org.springframework.beans.factory.annotation.AutowiredAnnotationBeanPostProcessor.<init>(AutowiredAnnotationBeanPostProcessor.java:141)]
JSR-330 'javax.inject.Inject' annotation found and supported for autowiring
 [INFO ][2017/05/08 09:54:25788][com.xinlong.Services.ServicesDB.start(ServicesDB.java:38)]
[#3] ..... service DB starting
 [INFO ][2017/05/08 09:54:25805][com.xinlong.Services.ServicesDB.start(ServicesDB.java:55)]
[#0] ..... ServicesDB done
 [INFO ][2017/05/08 09:54:26103][org.springframework.web.servlet.handler.AbstractUrlHandlerMapping.registerHandler(AbstractUrlHandlerMapping.java:315)]
Mapped URL path [/resources/**] onto handler 'org.springframework.web.servlet.resource.ResourceHttpRequestHandler#0'
 [INFO ][2017/05/08 09:54:26110][org.springframework.web.servlet.handler.AbstractUrlHandlerMapping.registerHandler(AbstractUrlHandlerMapping.java:315)]
Mapped URL path [/**] onto handler 'org.springframework.web.servlet.resource.DefaultServletHttpRequestHandler#0'
 [INFO ][2017/05/08 09:54:26155][org.springframework.web.servlet.FrameworkServlet.initServletBean(FrameworkServlet.java:498)]
FrameworkServlet 'hfcnms': initialization completed in 693 ms
 [INFO ][2017/05/08 09:54:26280][com.xinlong.Services.ServiceHfcAlarmProcessor.start(ServiceHfcAlarmProcessor.java:70)]
[#3] ..... service HfcAlarm starting
 [INFO ][2017/05/08 09:54:28277][com.xinlong.Services.TrapReceiverBean.start(TrapReceiverBean.java:53)]
trapreceiver.start() action called, start trap receivering..........
 [INFO ][2017/05/08 09:58:1667 ][org.springframework.web.context.ContextLoader.initWebApplicationContext(ContextLoader.java:285)]
Root WebApplicationContext: initialization started
 [INFO ][2017/05/08 09:58:16144][org.springframework.context.support.AbstractApplicationContext.prepareRefresh(AbstractApplicationContext.java:513)]
Refreshing Root WebApplicationContext: startup date [Mon May 08 09:58:16 CST 2017]; root of context hierarchy
 [INFO ][2017/05/08 09:58:16183][org.springframework.beans.factory.xml.XmlBeanDefinitionReader.loadBeanDefinitions(XmlBeanDefinitionReader.java:316)]
Loading XML bean definitions from ServletContext resource [/WEB-INF/applicationContext.xml]
 [INFO ][2017/05/08 09:58:16444][org.springframework.beans.factory.annotation.AutowiredAnnotationBeanPostProcessor.<init>(AutowiredAnnotationBeanPostProcessor.java:141)]
JSR-330 'javax.inject.Inject' annotation found and supported for autowiring
 [ERROR][2017/05/08 09:58:16640][org.springframework.web.context.ContextLoader.initWebApplicationContext(ContextLoader.java:331)]
Context initialization failed
 org.springframework.beans.factory.BeanCreationException: Error creating bean with name 'hfcDBProcessor' defined in ServletContext resource [/WEB-INF/applicationContext.xml]: Error setting property values; nested exception is org.springframework.beans.NotWritablePropertyException: Invalid property 'mysqlUtil' of bean class [com.xinlong.Services.ServicesDB]: Bean property 'mysqlUtil' is not writable or has an invalid setter method. Did you mean 'mySqlUtil'?
	at org.springframework.beans.factory.support.AbstractAutowireCapableBeanFactory.applyPropertyValues(AbstractAutowireCapableBeanFactory.java:1493)
	at org.springframework.beans.factory.support.AbstractAutowireCapableBeanFactory.populateBean(AbstractAutowireCapableBeanFactory.java:1197)
	at org.springframework.beans.factory.support.AbstractAutowireCapableBeanFactory.doCreateBean(AbstractAutowireCapableBeanFactory.java:537)
	at org.springframework.beans.factory.support.AbstractAutowireCapableBeanFactory.createBean(AbstractAutowireCapableBeanFactory.java:475)
	at org.springframework.beans.factory.support.AbstractBeanFactory$1.getObject(AbstractBeanFactory.java:302)
	at org.springframework.beans.factory.support.DefaultSingletonBeanRegistry.getSingleton(DefaultSingletonBeanRegistry.java:228)
	at org.springframework.beans.factory.support.AbstractBeanFactory.doGetBean(AbstractBeanFactory.java:298)
	at org.springframework.beans.factory.support.AbstractBeanFactory.getBean(AbstractBeanFactory.java:193)
	at org.springframework.beans.factory.support.DefaultListableBeanFactory.preInstantiateSingletons(DefaultListableBeanFactory.java:703)
	at org.springframework.context.support.AbstractApplicationContext.finishBeanFactoryInitialization(AbstractApplicationContext.java:760)
	at org.springframework.context.support.AbstractApplicationContext.refresh(AbstractApplicationContext.java:482)
	at org.springframework.web.context.ContextLoader.configureAndRefreshWebApplicationContext(ContextLoader.java:403)
	at org.springframework.web.context.ContextLoader.initWebApplicationContext(ContextLoader.java:306)
	at org.springframework.web.context.ContextLoaderListener.contextInitialized(ContextLoaderListener.java:106)
	at org.apache.catalina.core.StandardContext.listenerStart(StandardContext.java:4939)
	at org.apache.catalina.core.StandardContext.startInternal(StandardContext.java:5434)
	at org.apache.catalina.util.LifecycleBase.start(LifecycleBase.java:150)
	at org.apache.catalina.core.ContainerBase$StartChild.call(ContainerBase.java:1559)
	at org.apache.catalina.core.ContainerBase$StartChild.call(ContainerBase.java:1549)
	at java.util.concurrent.FutureTask.run(FutureTask.java:262)
	at java.util.concurrent.ThreadPoolExecutor.runWorker(ThreadPoolExecutor.java:1145)
	at java.util.concurrent.ThreadPoolExecutor$Worker.run(ThreadPoolExecutor.java:615)
	at java.lang.Thread.run(Thread.java:745)
Caused by: org.springframework.beans.NotWritablePropertyException: Invalid property 'mysqlUtil' of bean class [com.xinlong.Services.ServicesDB]: Bean property 'mysqlUtil' is not writable or has an invalid setter method. Did you mean 'mySqlUtil'?
	at org.springframework.beans.BeanWrapperImpl.setPropertyValue(BeanWrapperImpl.java:1064)
	at org.springframework.beans.BeanWrapperImpl.setPropertyValue(BeanWrapperImpl.java:922)
	at org.springframework.beans.AbstractPropertyAccessor.setPropertyValues(AbstractPropertyAccessor.java:82)
	at org.springframework.beans.AbstractPropertyAccessor.setPropertyValues(AbstractPropertyAccessor.java:62)
	at org.springframework.beans.factory.support.AbstractAutowireCapableBeanFactory.applyPropertyValues(AbstractAutowireCapableBeanFactory.java:1489)
	... 22 more
[INFO ][2017/05/08 10:01:27841][org.springframework.web.context.ContextLoader.initWebApplicationContext(ContextLoader.java:285)]
Root WebApplicationContext: initialization started
 [INFO ][2017/05/08 10:01:27927][org.springframework.context.support.AbstractApplicationContext.prepareRefresh(AbstractApplicationContext.java:513)]
Refreshing Root WebApplicationContext: startup date [Mon May 08 10:01:27 CST 2017]; root of context hierarchy
 [INFO ][2017/05/08 10:01:27965][org.springframework.beans.factory.xml.XmlBeanDefinitionReader.loadBeanDefinitions(XmlBeanDefinitionReader.java:316)]
Loading XML bean definitions from ServletContext resource [/WEB-INF/applicationContext.xml]
 [INFO ][2017/05/08 10:01:28229][org.springframework.beans.factory.annotation.AutowiredAnnotationBeanPostProcessor.<init>(AutowiredAnnotationBeanPostProcessor.java:141)]
JSR-330 'javax.inject.Inject' annotation found and supported for autowiring
 [INFO ][2017/05/08 10:01:28535][org.quartz.impl.StdSchedulerFactory.instantiate(StdSchedulerFactory.java:1184)]
Using default implementation for ThreadExecutor
 [INFO ][2017/05/08 10:01:28558][org.quartz.core.SchedulerSignalerImpl.<init>(SchedulerSignalerImpl.java:61)]
Initialized Scheduler Signaller of type: class org.quartz.core.SchedulerSignalerImpl
 [INFO ][2017/05/08 10:01:28560][org.quartz.core.QuartzScheduler.<init>(QuartzScheduler.java:240)]
Quartz Scheduler v.2.2.1 created.
 [INFO ][2017/05/08 10:01:28563][org.quartz.simpl.RAMJobStore.initialize(RAMJobStore.java:155)]
RAMJobStore initialized.
 [INFO ][2017/05/08 10:01:28567][org.quartz.core.QuartzScheduler.initialize(QuartzScheduler.java:305)]
Scheduler meta-data: Quartz Scheduler (v2.2.1) 'org.springframework.scheduling.quartz.SchedulerFactoryBean#0' with instanceId 'NON_CLUSTERED'
  Scheduler class: 'org.quartz.core.QuartzScheduler' - running locally.
  NOT STARTED.
  Currently in standby mode.
  Number of jobs executed: 0
  Using thread pool 'org.quartz.simpl.SimpleThreadPool' - with 10 threads.
  Using job-store 'org.quartz.simpl.RAMJobStore' - which does not support persistence. and is not clustered.

 [INFO ][2017/05/08 10:01:28568][org.quartz.impl.StdSchedulerFactory.instantiate(StdSchedulerFactory.java:1339)]
Quartz scheduler 'org.springframework.scheduling.quartz.SchedulerFactoryBean#0' initialized from an externally provided properties instance.
 [INFO ][2017/05/08 10:01:28570][org.quartz.impl.StdSchedulerFactory.instantiate(StdSchedulerFactory.java:1343)]
Quartz scheduler version: 2.2.1
 [INFO ][2017/05/08 10:01:28575][org.quartz.core.QuartzScheduler.setJobFactory(QuartzScheduler.java:2311)]
JobFactory set to: org.springframework.scheduling.quartz.AdaptableJobFactory@5bebd61a
 [INFO ][2017/05/08 10:01:28583][org.springframework.context.support.DefaultLifecycleProcessor$LifecycleGroup.start(DefaultLifecycleProcessor.java:341)]
Starting beans in phase 2147483647
 [INFO ][2017/05/08 10:01:28584][org.springframework.scheduling.quartz.SchedulerFactoryBean.startScheduler(SchedulerFactoryBean.java:649)]
Starting Quartz Scheduler now
 [INFO ][2017/05/08 10:01:28587][org.quartz.core.QuartzScheduler.start(QuartzScheduler.java:575)]
Scheduler org.springframework.scheduling.quartz.SchedulerFactoryBean#0_$_NON_CLUSTERED started.
 [INFO ][2017/05/08 10:01:28595][org.springframework.web.context.ContextLoader.initWebApplicationContext(ContextLoader.java:325)]
Root WebApplicationContext: initialization completed in 751 ms
 [INFO ][2017/05/08 10:01:28632][org.springframework.web.servlet.FrameworkServlet.initServletBean(FrameworkServlet.java:479)]
FrameworkServlet 'hfcnms': initialization started
 [INFO ][2017/05/08 10:01:28639][org.springframework.context.support.AbstractApplicationContext.prepareRefresh(AbstractApplicationContext.java:513)]
Refreshing WebApplicationContext for namespace 'hfcnms-servlet': startup date [Mon May 08 10:01:28 CST 2017]; parent: Root WebApplicationContext
 [INFO ][2017/05/08 10:01:28643][org.springframework.beans.factory.xml.XmlBeanDefinitionReader.loadBeanDefinitions(XmlBeanDefinitionReader.java:316)]
Loading XML bean definitions from ServletContext resource [/WEB-INF/hfcnms-config.xml]
 [INFO ][2017/05/08 10:01:28765][org.springframework.beans.factory.annotation.AutowiredAnnotationBeanPostProcessor.<init>(AutowiredAnnotationBeanPostProcessor.java:141)]
JSR-330 'javax.inject.Inject' annotation found and supported for autowiring
 [INFO ][2017/05/08 10:01:29204][com.xinlong.Services.ServicesDB.start(ServicesDB.java:38)]
[#3] ..... service DB starting
 [INFO ][2017/05/08 10:01:29500][com.xinlong.Services.ServiceHfcAlarmProcessor.start(ServiceHfcAlarmProcessor.java:70)]
[#3] ..... service HfcAlarm starting
 [INFO ][2017/05/08 10:01:29582][org.springframework.web.servlet.handler.AbstractUrlHandlerMapping.registerHandler(AbstractUrlHandlerMapping.java:315)]
Mapped URL path [/resources/**] onto handler 'org.springframework.web.servlet.resource.ResourceHttpRequestHandler#0'
 [INFO ][2017/05/08 10:01:29590][org.springframework.web.servlet.handler.AbstractUrlHandlerMapping.registerHandler(AbstractUrlHandlerMapping.java:315)]
Mapped URL path [/**] onto handler 'org.springframework.web.servlet.resource.DefaultServletHttpRequestHandler#0'
 [INFO ][2017/05/08 10:01:29631][org.springframework.web.servlet.FrameworkServlet.initServletBean(FrameworkServlet.java:498)]
FrameworkServlet 'hfcnms': initialization completed in 998 ms
 [INFO ][2017/05/08 10:01:31490][com.xinlong.Services.TrapReceiverBean.start(TrapReceiverBean.java:53)]
trapreceiver.start() action called, start trap receivering..........
 [INFO ][2017/05/08 10:05:42134][org.springframework.web.context.ContextLoader.initWebApplicationContext(ContextLoader.java:285)]
Root WebApplicationContext: initialization started
 [INFO ][2017/05/08 10:05:42213][org.springframework.context.support.AbstractApplicationContext.prepareRefresh(AbstractApplicationContext.java:513)]
Refreshing Root WebApplicationContext: startup date [Mon May 08 10:05:42 CST 2017]; root of context hierarchy
 [INFO ][2017/05/08 10:05:42250][org.springframework.beans.factory.xml.XmlBeanDefinitionReader.loadBeanDefinitions(XmlBeanDefinitionReader.java:316)]
Loading XML bean definitions from ServletContext resource [/WEB-INF/applicationContext.xml]
 [INFO ][2017/05/08 10:05:42499][org.springframework.beans.factory.annotation.AutowiredAnnotationBeanPostProcessor.<init>(AutowiredAnnotationBeanPostProcessor.java:141)]
JSR-330 'javax.inject.Inject' annotation found and supported for autowiring
 [INFO ][2017/05/08 10:05:42802][org.quartz.impl.StdSchedulerFactory.instantiate(StdSchedulerFactory.java:1184)]
Using default implementation for ThreadExecutor
 [INFO ][2017/05/08 10:05:42817][org.quartz.core.SchedulerSignalerImpl.<init>(SchedulerSignalerImpl.java:61)]
Initialized Scheduler Signaller of type: class org.quartz.core.SchedulerSignalerImpl
 [INFO ][2017/05/08 10:05:42817][org.quartz.core.QuartzScheduler.<init>(QuartzScheduler.java:240)]
Quartz Scheduler v.2.2.1 created.
 [INFO ][2017/05/08 10:05:42819][org.quartz.simpl.RAMJobStore.initialize(RAMJobStore.java:155)]
RAMJobStore initialized.
 [INFO ][2017/05/08 10:05:42820][org.quartz.core.QuartzScheduler.initialize(QuartzScheduler.java:305)]
Scheduler meta-data: Quartz Scheduler (v2.2.1) 'org.springframework.scheduling.quartz.SchedulerFactoryBean#0' with instanceId 'NON_CLUSTERED'
  Scheduler class: 'org.quartz.core.QuartzScheduler' - running locally.
  NOT STARTED.
  Currently in standby mode.
  Number of jobs executed: 0
  Using thread pool 'org.quartz.simpl.SimpleThreadPool' - with 10 threads.
  Using job-store 'org.quartz.simpl.RAMJobStore' - which does not support persistence. and is not clustered.

 [INFO ][2017/05/08 10:05:42820][org.quartz.impl.StdSchedulerFactory.instantiate(StdSchedulerFactory.java:1339)]
Quartz scheduler 'org.springframework.scheduling.quartz.SchedulerFactoryBean#0' initialized from an externally provided properties instance.
 [INFO ][2017/05/08 10:05:42820][org.quartz.impl.StdSchedulerFactory.instantiate(StdSchedulerFactory.java:1343)]
Quartz scheduler version: 2.2.1
 [INFO ][2017/05/08 10:05:42821][org.quartz.core.QuartzScheduler.setJobFactory(QuartzScheduler.java:2311)]
JobFactory set to: org.springframework.scheduling.quartz.AdaptableJobFactory@5333f5ff
 [INFO ][2017/05/08 10:05:42825][org.springframework.context.support.DefaultLifecycleProcessor$LifecycleGroup.start(DefaultLifecycleProcessor.java:341)]
Starting beans in phase 2147483647
 [INFO ][2017/05/08 10:05:42826][org.springframework.scheduling.quartz.SchedulerFactoryBean.startScheduler(SchedulerFactoryBean.java:649)]
Starting Quartz Scheduler now
 [INFO ][2017/05/08 10:05:42826][org.quartz.core.QuartzScheduler.start(QuartzScheduler.java:575)]
Scheduler org.springframework.scheduling.quartz.SchedulerFactoryBean#0_$_NON_CLUSTERED started.
 [INFO ][2017/05/08 10:05:42830][org.springframework.web.context.ContextLoader.initWebApplicationContext(ContextLoader.java:325)]
Root WebApplicationContext: initialization completed in 693 ms
 [INFO ][2017/05/08 10:05:42859][org.springframework.web.servlet.FrameworkServlet.initServletBean(FrameworkServlet.java:479)]
FrameworkServlet 'hfcnms': initialization started
 [INFO ][2017/05/08 10:05:42865][org.springframework.context.support.AbstractApplicationContext.prepareRefresh(AbstractApplicationContext.java:513)]
Refreshing WebApplicationContext for namespace 'hfcnms-servlet': startup date [Mon May 08 10:05:42 CST 2017]; parent: Root WebApplicationContext
 [INFO ][2017/05/08 10:05:42866][org.springframework.beans.factory.xml.XmlBeanDefinitionReader.loadBeanDefinitions(XmlBeanDefinitionReader.java:316)]
Loading XML bean definitions from ServletContext resource [/WEB-INF/hfcnms-config.xml]
 [INFO ][2017/05/08 10:05:42984][org.springframework.beans.factory.annotation.AutowiredAnnotationBeanPostProcessor.<init>(AutowiredAnnotationBeanPostProcessor.java:141)]
JSR-330 'javax.inject.Inject' annotation found and supported for autowiring
 [INFO ][2017/05/08 10:05:43268][com.xinlong.Services.ServicesDB.start(ServicesDB.java:38)]
[#3] ..... service DB starting
 [INFO ][2017/05/08 10:05:43483][org.springframework.web.servlet.handler.AbstractUrlHandlerMapping.registerHandler(AbstractUrlHandlerMapping.java:315)]
Mapped URL path [/resources/**] onto handler 'org.springframework.web.servlet.resource.ResourceHttpRequestHandler#0'
 [INFO ][2017/05/08 10:05:43497][org.springframework.web.servlet.handler.AbstractUrlHandlerMapping.registerHandler(AbstractUrlHandlerMapping.java:315)]
Mapped URL path [/**] onto handler 'org.springframework.web.servlet.resource.DefaultServletHttpRequestHandler#0'
 [INFO ][2017/05/08 10:05:43602][org.springframework.web.servlet.FrameworkServlet.initServletBean(FrameworkServlet.java:498)]
FrameworkServlet 'hfcnms': initialization completed in 743 ms
 [INFO ][2017/05/08 10:05:43755][com.xinlong.Services.ServiceHfcAlarmProcessor.start(ServiceHfcAlarmProcessor.java:70)]
[#3] ..... service HfcAlarm starting
 [INFO ][2017/05/08 10:05:45781][com.xinlong.Services.TrapReceiverBean.start(TrapReceiverBean.java:53)]
trapreceiver.start() action called, start trap receivering..........
 [INFO ][2017/05/08 10:06:51190][org.springframework.web.context.ContextLoader.initWebApplicationContext(ContextLoader.java:285)]
Root WebApplicationContext: initialization started
 [INFO ][2017/05/08 10:06:51269][org.springframework.context.support.AbstractApplicationContext.prepareRefresh(AbstractApplicationContext.java:513)]
Refreshing Root WebApplicationContext: startup date [Mon May 08 10:06:51 CST 2017]; root of context hierarchy
 [INFO ][2017/05/08 10:06:51302][org.springframework.beans.factory.xml.XmlBeanDefinitionReader.loadBeanDefinitions(XmlBeanDefinitionReader.java:316)]
Loading XML bean definitions from ServletContext resource [/WEB-INF/applicationContext.xml]
 [INFO ][2017/05/08 10:06:51546][org.springframework.beans.factory.annotation.AutowiredAnnotationBeanPostProcessor.<init>(AutowiredAnnotationBeanPostProcessor.java:141)]
JSR-330 'javax.inject.Inject' annotation found and supported for autowiring
 [INFO ][2017/05/08 10:06:51835][org.quartz.impl.StdSchedulerFactory.instantiate(StdSchedulerFactory.java:1184)]
Using default implementation for ThreadExecutor
 [INFO ][2017/05/08 10:06:51852][org.quartz.core.SchedulerSignalerImpl.<init>(SchedulerSignalerImpl.java:61)]
Initialized Scheduler Signaller of type: class org.quartz.core.SchedulerSignalerImpl
 [INFO ][2017/05/08 10:06:51854][org.quartz.core.QuartzScheduler.<init>(QuartzScheduler.java:240)]
Quartz Scheduler v.2.2.1 created.
 [INFO ][2017/05/08 10:06:51856][org.quartz.simpl.RAMJobStore.initialize(RAMJobStore.java:155)]
RAMJobStore initialized.
 [INFO ][2017/05/08 10:06:51858][org.quartz.core.QuartzScheduler.initialize(QuartzScheduler.java:305)]
Scheduler meta-data: Quartz Scheduler (v2.2.1) 'org.springframework.scheduling.quartz.SchedulerFactoryBean#0' with instanceId 'NON_CLUSTERED'
  Scheduler class: 'org.quartz.core.QuartzScheduler' - running locally.
  NOT STARTED.
  Currently in standby mode.
  Number of jobs executed: 0
  Using thread pool 'org.quartz.simpl.SimpleThreadPool' - with 10 threads.
  Using job-store 'org.quartz.simpl.RAMJobStore' - which does not support persistence. and is not clustered.

 [INFO ][2017/05/08 10:06:51865][org.quartz.impl.StdSchedulerFactory.instantiate(StdSchedulerFactory.java:1339)]
Quartz scheduler 'org.springframework.scheduling.quartz.SchedulerFactoryBean#0' initialized from an externally provided properties instance.
 [INFO ][2017/05/08 10:06:51866][org.quartz.impl.StdSchedulerFactory.instantiate(StdSchedulerFactory.java:1343)]
Quartz scheduler version: 2.2.1
 [INFO ][2017/05/08 10:06:51869][org.quartz.core.QuartzScheduler.setJobFactory(QuartzScheduler.java:2311)]
JobFactory set to: org.springframework.scheduling.quartz.AdaptableJobFactory@42f95627
 [INFO ][2017/05/08 10:06:51879][org.springframework.context.support.DefaultLifecycleProcessor$LifecycleGroup.start(DefaultLifecycleProcessor.java:341)]
Starting beans in phase 2147483647
 [INFO ][2017/05/08 10:06:51881][org.springframework.scheduling.quartz.SchedulerFactoryBean.startScheduler(SchedulerFactoryBean.java:649)]
Starting Quartz Scheduler now
 [INFO ][2017/05/08 10:06:51883][org.quartz.core.QuartzScheduler.start(QuartzScheduler.java:575)]
Scheduler org.springframework.scheduling.quartz.SchedulerFactoryBean#0_$_NON_CLUSTERED started.
 [INFO ][2017/05/08 10:06:51891][org.springframework.web.context.ContextLoader.initWebApplicationContext(ContextLoader.java:325)]
Root WebApplicationContext: initialization completed in 698 ms
 [INFO ][2017/05/08 10:06:51934][org.springframework.web.servlet.FrameworkServlet.initServletBean(FrameworkServlet.java:479)]
FrameworkServlet 'hfcnms': initialization started
 [INFO ][2017/05/08 10:06:51940][org.springframework.context.support.AbstractApplicationContext.prepareRefresh(AbstractApplicationContext.java:513)]
Refreshing WebApplicationContext for namespace 'hfcnms-servlet': startup date [Mon May 08 10:06:51 CST 2017]; parent: Root WebApplicationContext
 [INFO ][2017/05/08 10:06:51943][org.springframework.beans.factory.xml.XmlBeanDefinitionReader.loadBeanDefinitions(XmlBeanDefinitionReader.java:316)]
Loading XML bean definitions from ServletContext resource [/WEB-INF/hfcnms-config.xml]
 [INFO ][2017/05/08 10:06:5256 ][org.springframework.beans.factory.annotation.AutowiredAnnotationBeanPostProcessor.<init>(AutowiredAnnotationBeanPostProcessor.java:141)]
JSR-330 'javax.inject.Inject' annotation found and supported for autowiring
 [INFO ][2017/05/08 10:06:52306][com.xinlong.Services.ServicesDB.start(ServicesDB.java:38)]
[#3] ..... service DB starting
 [INFO ][2017/05/08 10:06:52485][org.springframework.web.servlet.handler.AbstractUrlHandlerMapping.registerHandler(AbstractUrlHandlerMapping.java:315)]
Mapped URL path [/resources/**] onto handler 'org.springframework.web.servlet.resource.ResourceHttpRequestHandler#0'
 [INFO ][2017/05/08 10:06:52497][org.springframework.web.servlet.handler.AbstractUrlHandlerMapping.registerHandler(AbstractUrlHandlerMapping.java:315)]
Mapped URL path [/**] onto handler 'org.springframework.web.servlet.resource.DefaultServletHttpRequestHandler#0'
 [INFO ][2017/05/08 10:06:52565][org.springframework.web.servlet.FrameworkServlet.initServletBean(FrameworkServlet.java:498)]
FrameworkServlet 'hfcnms': initialization completed in 629 ms
 [INFO ][2017/05/08 10:06:53125][com.xinlong.Services.ServiceHfcAlarmProcessor.start(ServiceHfcAlarmProcessor.java:70)]
[#3] ..... service HfcAlarm starting
 [INFO ][2017/05/08 10:06:54792][com.xinlong.Services.TrapReceiverBean.start(TrapReceiverBean.java:53)]
trapreceiver.start() action called, start trap receivering..........
 [INFO ][2017/05/08 11:11:35167][org.springframework.web.context.ContextLoader.initWebApplicationContext(ContextLoader.java:285)]
Root WebApplicationContext: initialization started
 [INFO ][2017/05/08 11:11:35248][org.springframework.context.support.AbstractApplicationContext.prepareRefresh(AbstractApplicationContext.java:513)]
Refreshing Root WebApplicationContext: startup date [Mon May 08 11:11:35 CST 2017]; root of context hierarchy
 [INFO ][2017/05/08 11:11:35290][org.springframework.beans.factory.xml.XmlBeanDefinitionReader.loadBeanDefinitions(XmlBeanDefinitionReader.java:316)]
Loading XML bean definitions from ServletContext resource [/WEB-INF/applicationContext.xml]
 [INFO ][2017/05/08 11:11:35566][org.springframework.beans.factory.annotation.AutowiredAnnotationBeanPostProcessor.<init>(AutowiredAnnotationBeanPostProcessor.java:141)]
JSR-330 'javax.inject.Inject' annotation found and supported for autowiring
 [INFO ][2017/05/08 11:11:35864][org.quartz.impl.StdSchedulerFactory.instantiate(StdSchedulerFactory.java:1184)]
Using default implementation for ThreadExecutor
 [INFO ][2017/05/08 11:11:35881][org.quartz.core.SchedulerSignalerImpl.<init>(SchedulerSignalerImpl.java:61)]
Initialized Scheduler Signaller of type: class org.quartz.core.SchedulerSignalerImpl
 [INFO ][2017/05/08 11:11:35884][org.quartz.core.QuartzScheduler.<init>(QuartzScheduler.java:240)]
Quartz Scheduler v.2.2.1 created.
 [INFO ][2017/05/08 11:11:35888][org.quartz.simpl.RAMJobStore.initialize(RAMJobStore.java:155)]
RAMJobStore initialized.
 [INFO ][2017/05/08 11:11:35891][org.quartz.core.QuartzScheduler.initialize(QuartzScheduler.java:305)]
Scheduler meta-data: Quartz Scheduler (v2.2.1) 'org.springframework.scheduling.quartz.SchedulerFactoryBean#0' with instanceId 'NON_CLUSTERED'
  Scheduler class: 'org.quartz.core.QuartzScheduler' - running locally.
  NOT STARTED.
  Currently in standby mode.
  Number of jobs executed: 0
  Using thread pool 'org.quartz.simpl.SimpleThreadPool' - with 10 threads.
  Using job-store 'org.quartz.simpl.RAMJobStore' - which does not support persistence. and is not clustered.

 [INFO ][2017/05/08 11:11:35898][org.quartz.impl.StdSchedulerFactory.instantiate(StdSchedulerFactory.java:1339)]
Quartz scheduler 'org.springframework.scheduling.quartz.SchedulerFactoryBean#0' initialized from an externally provided properties instance.
 [INFO ][2017/05/08 11:11:35901][org.quartz.impl.StdSchedulerFactory.instantiate(StdSchedulerFactory.java:1343)]
Quartz scheduler version: 2.2.1
 [INFO ][2017/05/08 11:11:35905][org.quartz.core.QuartzScheduler.setJobFactory(QuartzScheduler.java:2311)]
JobFactory set to: org.springframework.scheduling.quartz.AdaptableJobFactory@410bf486
 [INFO ][2017/05/08 11:11:35912][org.springframework.context.support.DefaultLifecycleProcessor$LifecycleGroup.start(DefaultLifecycleProcessor.java:341)]
Starting beans in phase 2147483647
 [INFO ][2017/05/08 11:11:35913][org.springframework.scheduling.quartz.SchedulerFactoryBean.startScheduler(SchedulerFactoryBean.java:649)]
Starting Quartz Scheduler now
 [INFO ][2017/05/08 11:11:35915][org.quartz.core.QuartzScheduler.start(QuartzScheduler.java:575)]
Scheduler org.springframework.scheduling.quartz.SchedulerFactoryBean#0_$_NON_CLUSTERED started.
 [INFO ][2017/05/08 11:11:35923][org.springframework.web.context.ContextLoader.initWebApplicationContext(ContextLoader.java:325)]
Root WebApplicationContext: initialization completed in 752 ms
 [INFO ][2017/05/08 11:11:35960][org.springframework.web.servlet.FrameworkServlet.initServletBean(FrameworkServlet.java:479)]
FrameworkServlet 'hfcnms': initialization started
 [INFO ][2017/05/08 11:11:35966][org.springframework.context.support.AbstractApplicationContext.prepareRefresh(AbstractApplicationContext.java:513)]
Refreshing WebApplicationContext for namespace 'hfcnms-servlet': startup date [Mon May 08 11:11:35 CST 2017]; parent: Root WebApplicationContext
 [INFO ][2017/05/08 11:11:35970][org.springframework.beans.factory.xml.XmlBeanDefinitionReader.loadBeanDefinitions(XmlBeanDefinitionReader.java:316)]
Loading XML bean definitions from ServletContext resource [/WEB-INF/hfcnms-config.xml]
 [INFO ][2017/05/08 11:11:3673 ][org.springframework.beans.factory.annotation.AutowiredAnnotationBeanPostProcessor.<init>(AutowiredAnnotationBeanPostProcessor.java:141)]
JSR-330 'javax.inject.Inject' annotation found and supported for autowiring
 [INFO ][2017/05/08 11:11:36334][com.xinlong.Services.ServicesDB.start(ServicesDB.java:38)]
[#3] ..... service DB starting
 [INFO ][2017/05/08 11:11:36498][org.springframework.web.servlet.handler.AbstractUrlHandlerMapping.registerHandler(AbstractUrlHandlerMapping.java:315)]
Mapped URL path [/resources/**] onto handler 'org.springframework.web.servlet.resource.ResourceHttpRequestHandler#0'
 [INFO ][2017/05/08 11:11:36513][org.springframework.web.servlet.handler.AbstractUrlHandlerMapping.registerHandler(AbstractUrlHandlerMapping.java:315)]
Mapped URL path [/**] onto handler 'org.springframework.web.servlet.resource.DefaultServletHttpRequestHandler#0'
 [INFO ][2017/05/08 11:11:36581][org.springframework.web.servlet.FrameworkServlet.initServletBean(FrameworkServlet.java:498)]
FrameworkServlet 'hfcnms': initialization completed in 619 ms
 [INFO ][2017/05/08 11:11:36814][com.xinlong.Services.ServiceHfcAlarmProcessor.start(ServiceHfcAlarmProcessor.java:70)]
[#3] ..... service HfcAlarm starting
 [INFO ][2017/05/08 11:11:38818][com.xinlong.Services.Services_Websocket.start(Services_Websocket.java:112)]
[#3] ..... Services_Websocket starting
 [INFO ][2017/05/08 11:11:38818][com.xinlong.Services.TrapReceiverBean.start(TrapReceiverBean.java:53)]
trapreceiver.start() action called, start trap receivering..........
 [INFO ][2017/05/08 11:12:57228][org.springframework.web.context.ContextLoader.initWebApplicationContext(ContextLoader.java:285)]
Root WebApplicationContext: initialization started
 [INFO ][2017/05/08 11:12:57295][org.springframework.context.support.AbstractApplicationContext.prepareRefresh(AbstractApplicationContext.java:513)]
Refreshing Root WebApplicationContext: startup date [Mon May 08 11:12:57 CST 2017]; root of context hierarchy
 [INFO ][2017/05/08 11:12:57326][org.springframework.beans.factory.xml.XmlBeanDefinitionReader.loadBeanDefinitions(XmlBeanDefinitionReader.java:316)]
Loading XML bean definitions from ServletContext resource [/WEB-INF/applicationContext.xml]
 [INFO ][2017/05/08 11:12:57538][org.springframework.beans.factory.annotation.AutowiredAnnotationBeanPostProcessor.<init>(AutowiredAnnotationBeanPostProcessor.java:141)]
JSR-330 'javax.inject.Inject' annotation found and supported for autowiring
 [INFO ][2017/05/08 11:12:57833][org.quartz.impl.StdSchedulerFactory.instantiate(StdSchedulerFactory.java:1184)]
Using default implementation for ThreadExecutor
 [INFO ][2017/05/08 11:12:57847][org.quartz.core.SchedulerSignalerImpl.<init>(SchedulerSignalerImpl.java:61)]
Initialized Scheduler Signaller of type: class org.quartz.core.SchedulerSignalerImpl
 [INFO ][2017/05/08 11:12:57850][org.quartz.core.QuartzScheduler.<init>(QuartzScheduler.java:240)]
Quartz Scheduler v.2.2.1 created.
 [INFO ][2017/05/08 11:12:57852][org.quartz.simpl.RAMJobStore.initialize(RAMJobStore.java:155)]
RAMJobStore initialized.
 [INFO ][2017/05/08 11:12:57854][org.quartz.core.QuartzScheduler.initialize(QuartzScheduler.java:305)]
Scheduler meta-data: Quartz Scheduler (v2.2.1) 'org.springframework.scheduling.quartz.SchedulerFactoryBean#0' with instanceId 'NON_CLUSTERED'
  Scheduler class: 'org.quartz.core.QuartzScheduler' - running locally.
  NOT STARTED.
  Currently in standby mode.
  Number of jobs executed: 0
  Using thread pool 'org.quartz.simpl.SimpleThreadPool' - with 10 threads.
  Using job-store 'org.quartz.simpl.RAMJobStore' - which does not support persistence. and is not clustered.

 [INFO ][2017/05/08 11:12:57858][org.quartz.impl.StdSchedulerFactory.instantiate(StdSchedulerFactory.java:1339)]
Quartz scheduler 'org.springframework.scheduling.quartz.SchedulerFactoryBean#0' initialized from an externally provided properties instance.
 [INFO ][2017/05/08 11:12:57860][org.quartz.impl.StdSchedulerFactory.instantiate(StdSchedulerFactory.java:1343)]
Quartz scheduler version: 2.2.1
 [INFO ][2017/05/08 11:12:57863][org.quartz.core.QuartzScheduler.setJobFactory(QuartzScheduler.java:2311)]
JobFactory set to: org.springframework.scheduling.quartz.AdaptableJobFactory@6ab96acf
 [INFO ][2017/05/08 11:12:57869][org.springframework.context.support.DefaultLifecycleProcessor$LifecycleGroup.start(DefaultLifecycleProcessor.java:341)]
Starting beans in phase 2147483647
 [INFO ][2017/05/08 11:12:57871][org.springframework.scheduling.quartz.SchedulerFactoryBean.startScheduler(SchedulerFactoryBean.java:649)]
Starting Quartz Scheduler now
 [INFO ][2017/05/08 11:12:57872][org.quartz.core.QuartzScheduler.start(QuartzScheduler.java:575)]
Scheduler org.springframework.scheduling.quartz.SchedulerFactoryBean#0_$_NON_CLUSTERED started.
 [INFO ][2017/05/08 11:12:57878][org.springframework.web.context.ContextLoader.initWebApplicationContext(ContextLoader.java:325)]
Root WebApplicationContext: initialization completed in 646 ms
 [INFO ][2017/05/08 11:12:57905][org.springframework.web.servlet.FrameworkServlet.initServletBean(FrameworkServlet.java:479)]
FrameworkServlet 'hfcnms': initialization started
 [INFO ][2017/05/08 11:12:57911][org.springframework.context.support.AbstractApplicationContext.prepareRefresh(AbstractApplicationContext.java:513)]
Refreshing WebApplicationContext for namespace 'hfcnms-servlet': startup date [Mon May 08 11:12:57 CST 2017]; parent: Root WebApplicationContext
 [INFO ][2017/05/08 11:12:57915][org.springframework.beans.factory.xml.XmlBeanDefinitionReader.loadBeanDefinitions(XmlBeanDefinitionReader.java:316)]
Loading XML bean definitions from ServletContext resource [/WEB-INF/hfcnms-config.xml]
 [INFO ][2017/05/08 11:12:5828 ][org.springframework.beans.factory.annotation.AutowiredAnnotationBeanPostProcessor.<init>(AutowiredAnnotationBeanPostProcessor.java:141)]
JSR-330 'javax.inject.Inject' annotation found and supported for autowiring
 [INFO ][2017/05/08 11:12:58310][com.xinlong.Services.ServicesDB.start(ServicesDB.java:38)]
[#3] ..... service DB starting
 [INFO ][2017/05/08 11:12:58324][org.springframework.web.servlet.handler.AbstractUrlHandlerMapping.registerHandler(AbstractUrlHandlerMapping.java:315)]
Mapped URL path [/resources/**] onto handler 'org.springframework.web.servlet.resource.ResourceHttpRequestHandler#0'
 [INFO ][2017/05/08 11:12:58335][org.springframework.web.servlet.handler.AbstractUrlHandlerMapping.registerHandler(AbstractUrlHandlerMapping.java:315)]
Mapped URL path [/**] onto handler 'org.springframework.web.servlet.resource.DefaultServletHttpRequestHandler#0'
 [INFO ][2017/05/08 11:12:58411][org.springframework.web.servlet.FrameworkServlet.initServletBean(FrameworkServlet.java:498)]
FrameworkServlet 'hfcnms': initialization completed in 504 ms
 [INFO ][2017/05/08 11:12:58793][com.xinlong.Services.ServiceHfcAlarmProcessor.start(ServiceHfcAlarmProcessor.java:70)]
[#3] ..... service HfcAlarm starting
 [INFO ][2017/05/08 11:13:00770][com.xinlong.Services.Services_Websocket.start(Services_Websocket.java:112)]
[#3] ..... Services_Websocket starting
 [INFO ][2017/05/08 11:13:00790][com.xinlong.Services.TrapReceiverBean.start(TrapReceiverBean.java:53)]
trapreceiver.start() action called, start trap receivering..........
 [INFO ][2017/05/08 11:14:0232 ][org.springframework.web.context.ContextLoader.initWebApplicationContext(ContextLoader.java:285)]
Root WebApplicationContext: initialization started
 [INFO ][2017/05/08 11:14:0297 ][org.springframework.context.support.AbstractApplicationContext.prepareRefresh(AbstractApplicationContext.java:513)]
Refreshing Root WebApplicationContext: startup date [Mon May 08 11:14:02 CST 2017]; root of context hierarchy
 [INFO ][2017/05/08 11:14:02128][org.springframework.beans.factory.xml.XmlBeanDefinitionReader.loadBeanDefinitions(XmlBeanDefinitionReader.java:316)]
Loading XML bean definitions from ServletContext resource [/WEB-INF/applicationContext.xml]
 [INFO ][2017/05/08 11:14:02333][org.springframework.beans.factory.annotation.AutowiredAnnotationBeanPostProcessor.<init>(AutowiredAnnotationBeanPostProcessor.java:141)]
JSR-330 'javax.inject.Inject' annotation found and supported for autowiring
 [INFO ][2017/05/08 11:14:02632][org.quartz.impl.StdSchedulerFactory.instantiate(StdSchedulerFactory.java:1184)]
Using default implementation for ThreadExecutor
 [INFO ][2017/05/08 11:14:02647][org.quartz.core.SchedulerSignalerImpl.<init>(SchedulerSignalerImpl.java:61)]
Initialized Scheduler Signaller of type: class org.quartz.core.SchedulerSignalerImpl
 [INFO ][2017/05/08 11:14:02650][org.quartz.core.QuartzScheduler.<init>(QuartzScheduler.java:240)]
Quartz Scheduler v.2.2.1 created.
 [INFO ][2017/05/08 11:14:02651][org.quartz.simpl.RAMJobStore.initialize(RAMJobStore.java:155)]
RAMJobStore initialized.
 [INFO ][2017/05/08 11:14:02653][org.quartz.core.QuartzScheduler.initialize(QuartzScheduler.java:305)]
Scheduler meta-data: Quartz Scheduler (v2.2.1) 'org.springframework.scheduling.quartz.SchedulerFactoryBean#0' with instanceId 'NON_CLUSTERED'
  Scheduler class: 'org.quartz.core.QuartzScheduler' - running locally.
  NOT STARTED.
  Currently in standby mode.
  Number of jobs executed: 0
  Using thread pool 'org.quartz.simpl.SimpleThreadPool' - with 10 threads.
  Using job-store 'org.quartz.simpl.RAMJobStore' - which does not support persistence. and is not clustered.

 [INFO ][2017/05/08 11:14:02658][org.quartz.impl.StdSchedulerFactory.instantiate(StdSchedulerFactory.java:1339)]
Quartz scheduler 'org.springframework.scheduling.quartz.SchedulerFactoryBean#0' initialized from an externally provided properties instance.
 [INFO ][2017/05/08 11:14:02659][org.quartz.impl.StdSchedulerFactory.instantiate(StdSchedulerFactory.java:1343)]
Quartz scheduler version: 2.2.1
 [INFO ][2017/05/08 11:14:02663][org.quartz.core.QuartzScheduler.setJobFactory(QuartzScheduler.java:2311)]
JobFactory set to: org.springframework.scheduling.quartz.AdaptableJobFactory@63962b8c
 [INFO ][2017/05/08 11:14:02669][org.springframework.context.support.DefaultLifecycleProcessor$LifecycleGroup.start(DefaultLifecycleProcessor.java:341)]
Starting beans in phase 2147483647
 [INFO ][2017/05/08 11:14:02670][org.springframework.scheduling.quartz.SchedulerFactoryBean.startScheduler(SchedulerFactoryBean.java:649)]
Starting Quartz Scheduler now
 [INFO ][2017/05/08 11:14:02672][org.quartz.core.QuartzScheduler.start(QuartzScheduler.java:575)]
Scheduler org.springframework.scheduling.quartz.SchedulerFactoryBean#0_$_NON_CLUSTERED started.
 [INFO ][2017/05/08 11:14:02678][org.springframework.web.context.ContextLoader.initWebApplicationContext(ContextLoader.java:325)]
Root WebApplicationContext: initialization completed in 643 ms
 [INFO ][2017/05/08 11:14:02708][org.springframework.web.servlet.FrameworkServlet.initServletBean(FrameworkServlet.java:479)]
FrameworkServlet 'hfcnms': initialization started
 [INFO ][2017/05/08 11:14:02715][org.springframework.context.support.AbstractApplicationContext.prepareRefresh(AbstractApplicationContext.java:513)]
Refreshing WebApplicationContext for namespace 'hfcnms-servlet': startup date [Mon May 08 11:14:02 CST 2017]; parent: Root WebApplicationContext
 [INFO ][2017/05/08 11:14:02717][org.springframework.beans.factory.xml.XmlBeanDefinitionReader.loadBeanDefinitions(XmlBeanDefinitionReader.java:316)]
Loading XML bean definitions from ServletContext resource [/WEB-INF/hfcnms-config.xml]
 [INFO ][2017/05/08 11:14:02834][org.springframework.beans.factory.annotation.AutowiredAnnotationBeanPostProcessor.<init>(AutowiredAnnotationBeanPostProcessor.java:141)]
JSR-330 'javax.inject.Inject' annotation found and supported for autowiring
 [INFO ][2017/05/08 11:14:03102][com.xinlong.Services.ServicesDB.start(ServicesDB.java:38)]
[#3] ..... service DB starting
 [INFO ][2017/05/08 11:14:03152][org.springframework.web.servlet.handler.AbstractUrlHandlerMapping.registerHandler(AbstractUrlHandlerMapping.java:315)]
Mapped URL path [/resources/**] onto handler 'org.springframework.web.servlet.resource.ResourceHttpRequestHandler#0'
 [INFO ][2017/05/08 11:14:03160][org.springframework.web.servlet.handler.AbstractUrlHandlerMapping.registerHandler(AbstractUrlHandlerMapping.java:315)]
Mapped URL path [/**] onto handler 'org.springframework.web.servlet.resource.DefaultServletHttpRequestHandler#0'
 [INFO ][2017/05/08 11:14:03224][org.springframework.web.servlet.FrameworkServlet.initServletBean(FrameworkServlet.java:498)]
FrameworkServlet 'hfcnms': initialization completed in 515 ms
 [INFO ][2017/05/08 11:14:03593][com.xinlong.Services.ServiceHfcAlarmProcessor.start(ServiceHfcAlarmProcessor.java:70)]
[#3] ..... service HfcAlarm starting
 [INFO ][2017/05/08 11:14:05571][com.xinlong.Services.Services_Websocket.start(Services_Websocket.java:112)]
[#3] ..... Services_Websocket starting
 [INFO ][2017/05/08 11:14:05591][com.xinlong.Services.TrapReceiverBean.start(TrapReceiverBean.java:53)]
trapreceiver.start() action called, start trap receivering..........
 [INFO ][2017/05/08 11:16:2363 ][org.springframework.web.context.ContextLoader.initWebApplicationContext(ContextLoader.java:285)]
Root WebApplicationContext: initialization started
 [INFO ][2017/05/08 11:16:23146][org.springframework.context.support.AbstractApplicationContext.prepareRefresh(AbstractApplicationContext.java:513)]
Refreshing Root WebApplicationContext: startup date [Mon May 08 11:16:23 CST 2017]; root of context hierarchy
 [INFO ][2017/05/08 11:16:23187][org.springframework.beans.factory.xml.XmlBeanDefinitionReader.loadBeanDefinitions(XmlBeanDefinitionReader.java:316)]
Loading XML bean definitions from ServletContext resource [/WEB-INF/applicationContext.xml]
 [INFO ][2017/05/08 11:16:23471][org.springframework.beans.factory.annotation.AutowiredAnnotationBeanPostProcessor.<init>(AutowiredAnnotationBeanPostProcessor.java:141)]
JSR-330 'javax.inject.Inject' annotation found and supported for autowiring
 [INFO ][2017/05/08 11:16:23830][org.quartz.impl.StdSchedulerFactory.instantiate(StdSchedulerFactory.java:1184)]
Using default implementation for ThreadExecutor
 [INFO ][2017/05/08 11:16:23853][org.quartz.core.SchedulerSignalerImpl.<init>(SchedulerSignalerImpl.java:61)]
Initialized Scheduler Signaller of type: class org.quartz.core.SchedulerSignalerImpl
 [INFO ][2017/05/08 11:16:23856][org.quartz.core.QuartzScheduler.<init>(QuartzScheduler.java:240)]
Quartz Scheduler v.2.2.1 created.
 [INFO ][2017/05/08 11:16:23860][org.quartz.simpl.RAMJobStore.initialize(RAMJobStore.java:155)]
RAMJobStore initialized.
 [INFO ][2017/05/08 11:16:23864][org.quartz.core.QuartzScheduler.initialize(QuartzScheduler.java:305)]
Scheduler meta-data: Quartz Scheduler (v2.2.1) 'org.springframework.scheduling.quartz.SchedulerFactoryBean#0' with instanceId 'NON_CLUSTERED'
  Scheduler class: 'org.quartz.core.QuartzScheduler' - running locally.
  NOT STARTED.
  Currently in standby mode.
  Number of jobs executed: 0
  Using thread pool 'org.quartz.simpl.SimpleThreadPool' - with 10 threads.
  Using job-store 'org.quartz.simpl.RAMJobStore' - which does not support persistence. and is not clustered.

 [INFO ][2017/05/08 11:16:23872][org.quartz.impl.StdSchedulerFactory.instantiate(StdSchedulerFactory.java:1339)]
Quartz scheduler 'org.springframework.scheduling.quartz.SchedulerFactoryBean#0' initialized from an externally provided properties instance.
 [INFO ][2017/05/08 11:16:23873][org.quartz.impl.StdSchedulerFactory.instantiate(StdSchedulerFactory.java:1343)]
Quartz scheduler version: 2.2.1
 [INFO ][2017/05/08 11:16:23879][org.quartz.core.QuartzScheduler.setJobFactory(QuartzScheduler.java:2311)]
JobFactory set to: org.springframework.scheduling.quartz.AdaptableJobFactory@adbe555
 [INFO ][2017/05/08 11:16:23887][org.springframework.context.support.DefaultLifecycleProcessor$LifecycleGroup.start(DefaultLifecycleProcessor.java:341)]
Starting beans in phase 2147483647
 [INFO ][2017/05/08 11:16:23888][org.springframework.scheduling.quartz.SchedulerFactoryBean.startScheduler(SchedulerFactoryBean.java:649)]
Starting Quartz Scheduler now
 [INFO ][2017/05/08 11:16:23890][org.quartz.core.QuartzScheduler.start(QuartzScheduler.java:575)]
Scheduler org.springframework.scheduling.quartz.SchedulerFactoryBean#0_$_NON_CLUSTERED started.
 [INFO ][2017/05/08 11:16:23900][org.springframework.web.context.ContextLoader.initWebApplicationContext(ContextLoader.java:325)]
Root WebApplicationContext: initialization completed in 833 ms
 [INFO ][2017/05/08 11:16:23937][org.springframework.web.servlet.FrameworkServlet.initServletBean(FrameworkServlet.java:479)]
FrameworkServlet 'hfcnms': initialization started
 [INFO ][2017/05/08 11:16:23943][org.springframework.context.support.AbstractApplicationContext.prepareRefresh(AbstractApplicationContext.java:513)]
Refreshing WebApplicationContext for namespace 'hfcnms-servlet': startup date [Mon May 08 11:16:23 CST 2017]; parent: Root WebApplicationContext
 [INFO ][2017/05/08 11:16:23947][org.springframework.beans.factory.xml.XmlBeanDefinitionReader.loadBeanDefinitions(XmlBeanDefinitionReader.java:316)]
Loading XML bean definitions from ServletContext resource [/WEB-INF/hfcnms-config.xml]
 [INFO ][2017/05/08 11:16:2458 ][org.springframework.beans.factory.annotation.AutowiredAnnotationBeanPostProcessor.<init>(AutowiredAnnotationBeanPostProcessor.java:141)]
JSR-330 'javax.inject.Inject' annotation found and supported for autowiring
 [INFO ][2017/05/08 11:16:24287][com.xinlong.Services.ServicesDB.start(ServicesDB.java:38)]
[#3] ..... service DB starting
 [INFO ][2017/05/08 11:16:24473][org.springframework.web.servlet.handler.AbstractUrlHandlerMapping.registerHandler(AbstractUrlHandlerMapping.java:315)]
Mapped URL path [/resources/**] onto handler 'org.springframework.web.servlet.resource.ResourceHttpRequestHandler#0'
 [INFO ][2017/05/08 11:16:24486][org.springframework.web.servlet.handler.AbstractUrlHandlerMapping.registerHandler(AbstractUrlHandlerMapping.java:315)]
Mapped URL path [/**] onto handler 'org.springframework.web.servlet.resource.DefaultServletHttpRequestHandler#0'
 [INFO ][2017/05/08 11:16:24551][org.springframework.web.servlet.FrameworkServlet.initServletBean(FrameworkServlet.java:498)]
FrameworkServlet 'hfcnms': initialization completed in 612 ms
 [INFO ][2017/05/08 11:16:24772][com.xinlong.Services.ServiceHfcAlarmProcessor.start(ServiceHfcAlarmProcessor.java:70)]
[#3] ..... service HfcAlarm starting
 [INFO ][2017/05/08 11:16:26777][com.xinlong.Services.TrapReceiverBean.start(TrapReceiverBean.java:53)]
trapreceiver.start() action called, start trap receivering..........
 [INFO ][2017/05/08 14:54:55967][org.springframework.web.context.ContextLoader.initWebApplicationContext(ContextLoader.java:285)]
Root WebApplicationContext: initialization started
 [INFO ][2017/05/08 14:54:5629 ][org.springframework.context.support.AbstractApplicationContext.prepareRefresh(AbstractApplicationContext.java:513)]
Refreshing Root WebApplicationContext: startup date [Mon May 08 14:54:56 CST 2017]; root of context hierarchy
 [INFO ][2017/05/08 14:54:5676 ][org.springframework.beans.factory.xml.XmlBeanDefinitionReader.loadBeanDefinitions(XmlBeanDefinitionReader.java:316)]
Loading XML bean definitions from ServletContext resource [/WEB-INF/applicationContext.xml]
 [INFO ][2017/05/08 14:54:56310][org.springframework.beans.factory.annotation.AutowiredAnnotationBeanPostProcessor.<init>(AutowiredAnnotationBeanPostProcessor.java:141)]
JSR-330 'javax.inject.Inject' annotation found and supported for autowiring
 [ERROR][2017/05/08 14:54:56466][org.springframework.web.context.ContextLoader.initWebApplicationContext(ContextLoader.java:331)]
Context initialization failed
 org.springframework.beans.factory.BeanCreationException: Error creating bean with name 'trapReceiverBean' defined in ServletContext resource [/WEB-INF/applicationContext.xml]: Instantiation of bean failed; nested exception is org.springframework.beans.BeanInstantiationException: Could not instantiate bean class [com.xinlong.Services.TrapReceiverBean]: Constructor threw exception; nested exception is java.lang.Error: Unresolved compilation problems: 
	The import org.snmp4j cannot be resolved
	The import org.snmp4j cannot be resolved
	The import org.snmp4j cannot be resolved
	The import org.snmp4j cannot be resolved
	The import org.snmp4j cannot be resolved
	The import org.snmp4j cannot be resolved
	The import org.snmp4j cannot be resolved
	The import org.snmp4j cannot be resolved
	The import org.snmp4j cannot be resolved
	The import org.snmp4j cannot be resolved
	The import org.snmp4j cannot be resolved
	The import org.snmp4j cannot be resolved
	The import org.snmp4j cannot be resolved
	Snmp cannot be resolved to a type
	Address cannot be resolved to a type
	Address cannot be resolved to a type
	Address cannot be resolved to a type
	GenericAddress cannot be resolved
	Address cannot be resolved to a type
	GenericAddress cannot be resolved
	TransportMapping cannot be resolved to a type
	DefaultUdpTransportMapping cannot be resolved to a type
	UdpAddress cannot be resolved to a type
	Address cannot be resolved to a type
	Snmp cannot be resolved to a type
	Snmp cannot be resolved to a type
	Snmp cannot be resolved to a type
	MPv1 cannot be resolved to a type
	Snmp cannot be resolved to a type
	MPv2c cannot be resolved to a type
	Snmp cannot be resolved to a type
	CommandResponder cannot be resolved to a type
	CommandResponder cannot be resolved to a type
	CommandResponderEvent cannot be resolved to a type
	Snmp cannot be resolved to a type
	CommandResponderEvent cannot be resolved to a type
	VariableBinding cannot be resolved to a type
	VariableBinding cannot be resolved to a type
	PDUv1 cannot be resolved to a type
	PDUv1 cannot be resolved to a type
	PDUv1 cannot be resolved to a type
	PDUv1 cannot be resolved to a type
	OID cannot be resolved to a type
	PDUv1 cannot be resolved to a type
	PDUv1 cannot be resolved to a type
	VariableBinding cannot be resolved to a type

	at org.springframework.beans.factory.support.AbstractAutowireCapableBeanFactory.instantiateBean(AbstractAutowireCapableBeanFactory.java:1076)
	at org.springframework.beans.factory.support.AbstractAutowireCapableBeanFactory.createBeanInstance(AbstractAutowireCapableBeanFactory.java:1021)
	at org.springframework.beans.factory.support.AbstractAutowireCapableBeanFactory.doCreateBean(AbstractAutowireCapableBeanFactory.java:504)
	at org.springframework.beans.factory.support.AbstractAutowireCapableBeanFactory.createBean(AbstractAutowireCapableBeanFactory.java:475)
	at org.springframework.beans.factory.support.AbstractBeanFactory$1.getObject(AbstractBeanFactory.java:302)
	at org.springframework.beans.factory.support.DefaultSingletonBeanRegistry.getSingleton(DefaultSingletonBeanRegistry.java:228)
	at org.springframework.beans.factory.support.AbstractBeanFactory.doGetBean(AbstractBeanFactory.java:298)
	at org.springframework.beans.factory.support.AbstractBeanFactory.getBean(AbstractBeanFactory.java:193)
	at org.springframework.beans.factory.support.DefaultListableBeanFactory.preInstantiateSingletons(DefaultListableBeanFactory.java:703)
	at org.springframework.context.support.AbstractApplicationContext.finishBeanFactoryInitialization(AbstractApplicationContext.java:760)
	at org.springframework.context.support.AbstractApplicationContext.refresh(AbstractApplicationContext.java:482)
	at org.springframework.web.context.ContextLoader.configureAndRefreshWebApplicationContext(ContextLoader.java:403)
	at org.springframework.web.context.ContextLoader.initWebApplicationContext(ContextLoader.java:306)
	at org.springframework.web.context.ContextLoaderListener.contextInitialized(ContextLoaderListener.java:106)
	at org.apache.catalina.core.StandardContext.listenerStart(StandardContext.java:4939)
	at org.apache.catalina.core.StandardContext.startInternal(StandardContext.java:5434)
	at org.apache.catalina.util.LifecycleBase.start(LifecycleBase.java:150)
	at org.apache.catalina.core.ContainerBase$StartChild.call(ContainerBase.java:1559)
	at org.apache.catalina.core.ContainerBase$StartChild.call(ContainerBase.java:1549)
	at java.util.concurrent.FutureTask.run(Unknown Source)
	at java.util.concurrent.ThreadPoolExecutor.runWorker(Unknown Source)
	at java.util.concurrent.ThreadPoolExecutor$Worker.run(Unknown Source)
	at java.lang.Thread.run(Unknown Source)
Caused by: org.springframework.beans.BeanInstantiationException: Could not instantiate bean class [com.xinlong.Services.TrapReceiverBean]: Constructor threw exception; nested exception is java.lang.Error: Unresolved compilation problems: 
	The import org.snmp4j cannot be resolved
	The import org.snmp4j cannot be resolved
	The import org.snmp4j cannot be resolved
	The import org.snmp4j cannot be resolved
	The import org.snmp4j cannot be resolved
	The import org.snmp4j cannot be resolved
	The import org.snmp4j cannot be resolved
	The import org.snmp4j cannot be resolved
	The import org.snmp4j cannot be resolved
	The import org.snmp4j cannot be resolved
	The import org.snmp4j cannot be resolved
	The import org.snmp4j cannot be resolved
	The import org.snmp4j cannot be resolved
	Snmp cannot be resolved to a type
	Address cannot be resolved to a type
	Address cannot be resolved to a type
	Address cannot be resolved to a type
	GenericAddress cannot be resolved
	Address cannot be resolved to a type
	GenericAddress cannot be resolved
	TransportMapping cannot be resolved to a type
	DefaultUdpTransportMapping cannot be resolved to a type
	UdpAddress cannot be resolved to a type
	Address cannot be resolved to a type
	Snmp cannot be resolved to a type
	Snmp cannot be resolved to a type
	Snmp cannot be resolved to a type
	MPv1 cannot be resolved to a type
	Snmp cannot be resolved to a type
	MPv2c cannot be resolved to a type
	Snmp cannot be resolved to a type
	CommandResponder cannot be resolved to a type
	CommandResponder cannot be resolved to a type
	CommandResponderEvent cannot be resolved to a type
	Snmp cannot be resolved to a type
	CommandResponderEvent cannot be resolved to a type
	VariableBinding cannot be resolved to a type
	VariableBinding cannot be resolved to a type
	PDUv1 cannot be resolved to a type
	PDUv1 cannot be resolved to a type
	PDUv1 cannot be resolved to a type
	PDUv1 cannot be resolved to a type
	OID cannot be resolved to a type
	PDUv1 cannot be resolved to a type
	PDUv1 cannot be resolved to a type
	VariableBinding cannot be resolved to a type

	at org.springframework.beans.BeanUtils.instantiateClass(BeanUtils.java:164)
	at org.springframework.beans.factory.support.SimpleInstantiationStrategy.instantiate(SimpleInstantiationStrategy.java:89)
	at org.springframework.beans.factory.support.AbstractAutowireCapableBeanFactory.instantiateBean(AbstractAutowireCapableBeanFactory.java:1069)
	... 22 more
Caused by: java.lang.Error: Unresolved compilation problems: 
	The import org.snmp4j cannot be resolved
	The import org.snmp4j cannot be resolved
	The import org.snmp4j cannot be resolved
	The import org.snmp4j cannot be resolved
	The import org.snmp4j cannot be resolved
	The import org.snmp4j cannot be resolved
	The import org.snmp4j cannot be resolved
	The import org.snmp4j cannot be resolved
	The import org.snmp4j cannot be resolved
	The import org.snmp4j cannot be resolved
	The import org.snmp4j cannot be resolved
	The import org.snmp4j cannot be resolved
	The import org.snmp4j cannot be resolved
	Snmp cannot be resolved to a type
	Address cannot be resolved to a type
	Address cannot be resolved to a type
	Address cannot be resolved to a type
	GenericAddress cannot be resolved
	Address cannot be resolved to a type
	GenericAddress cannot be resolved
	TransportMapping cannot be resolved to a type
	DefaultUdpTransportMapping cannot be resolved to a type
	UdpAddress cannot be resolved to a type
	Address cannot be resolved to a type
	Snmp cannot be resolved to a type
	Snmp cannot be resolved to a type
	Snmp cannot be resolved to a type
	MPv1 cannot be resolved to a type
	Snmp cannot be resolved to a type
	MPv2c cannot be resolved to a type
	Snmp cannot be resolved to a type
	CommandResponder cannot be resolved to a type
	CommandResponder cannot be resolved to a type
	CommandResponderEvent cannot be resolved to a type
	Snmp cannot be resolved to a type
	CommandResponderEvent cannot be resolved to a type
	VariableBinding cannot be resolved to a type
	VariableBinding cannot be resolved to a type
	PDUv1 cannot be resolved to a type
	PDUv1 cannot be resolved to a type
	PDUv1 cannot be resolved to a type
	PDUv1 cannot be resolved to a type
	OID cannot be resolved to a type
	PDUv1 cannot be resolved to a type
	PDUv1 cannot be resolved to a type
	VariableBinding cannot be resolved to a type

	at com.xinlong.Services.TrapReceiverBean.<init>(TrapReceiverBean.java:12)
	at sun.reflect.NativeConstructorAccessorImpl.newInstance0(Native Method)
	at sun.reflect.NativeConstructorAccessorImpl.newInstance(Unknown Source)
	at sun.reflect.DelegatingConstructorAccessorImpl.newInstance(Unknown Source)
	at java.lang.reflect.Constructor.newInstance(Unknown Source)
	at org.springframework.beans.BeanUtils.instantiateClass(BeanUtils.java:148)
	... 24 more
[INFO ][2017/05/08 15:07:03402][org.springframework.web.context.ContextLoader.initWebApplicationContext(ContextLoader.java:285)]
Root WebApplicationContext: initialization started
 [INFO ][2017/05/08 15:07:03508][org.springframework.context.support.AbstractApplicationContext.prepareRefresh(AbstractApplicationContext.java:513)]
Refreshing Root WebApplicationContext: startup date [Mon May 08 15:07:03 CST 2017]; root of context hierarchy
 [INFO ][2017/05/08 15:07:03541][org.springframework.beans.factory.xml.XmlBeanDefinitionReader.loadBeanDefinitions(XmlBeanDefinitionReader.java:316)]
Loading XML bean definitions from ServletContext resource [/WEB-INF/applicationContext.xml]
 [INFO ][2017/05/08 15:07:03958][org.springframework.beans.factory.annotation.AutowiredAnnotationBeanPostProcessor.<init>(AutowiredAnnotationBeanPostProcessor.java:141)]
JSR-330 'javax.inject.Inject' annotation found and supported for autowiring
 [INFO ][2017/05/08 15:07:04303][org.quartz.impl.StdSchedulerFactory.instantiate(StdSchedulerFactory.java:1184)]
Using default implementation for ThreadExecutor
 [INFO ][2017/05/08 15:07:04323][org.quartz.core.SchedulerSignalerImpl.<init>(SchedulerSignalerImpl.java:61)]
Initialized Scheduler Signaller of type: class org.quartz.core.SchedulerSignalerImpl
 [INFO ][2017/05/08 15:07:04324][org.quartz.core.QuartzScheduler.<init>(QuartzScheduler.java:240)]
Quartz Scheduler v.2.2.1 created.
 [INFO ][2017/05/08 15:07:04325][org.quartz.simpl.RAMJobStore.initialize(RAMJobStore.java:155)]
RAMJobStore initialized.
 [INFO ][2017/05/08 15:07:04326][org.quartz.core.QuartzScheduler.initialize(QuartzScheduler.java:305)]
Scheduler meta-data: Quartz Scheduler (v2.2.1) 'org.springframework.scheduling.quartz.SchedulerFactoryBean#0' with instanceId 'NON_CLUSTERED'
  Scheduler class: 'org.quartz.core.QuartzScheduler' - running locally.
  NOT STARTED.
  Currently in standby mode.
  Number of jobs executed: 0
  Using thread pool 'org.quartz.simpl.SimpleThreadPool' - with 10 threads.
  Using job-store 'org.quartz.simpl.RAMJobStore' - which does not support persistence. and is not clustered.

 [INFO ][2017/05/08 15:07:04326][org.quartz.impl.StdSchedulerFactory.instantiate(StdSchedulerFactory.java:1339)]
Quartz scheduler 'org.springframework.scheduling.quartz.SchedulerFactoryBean#0' initialized from an externally provided properties instance.
 [INFO ][2017/05/08 15:07:04326][org.quartz.impl.StdSchedulerFactory.instantiate(StdSchedulerFactory.java:1343)]
Quartz scheduler version: 2.2.1
 [INFO ][2017/05/08 15:07:04328][org.quartz.core.QuartzScheduler.setJobFactory(QuartzScheduler.java:2311)]
JobFactory set to: org.springframework.scheduling.quartz.AdaptableJobFactory@1fbb93c
 [INFO ][2017/05/08 15:07:04331][org.springframework.context.support.DefaultLifecycleProcessor$LifecycleGroup.start(DefaultLifecycleProcessor.java:341)]
Starting beans in phase 2147483647
 [INFO ][2017/05/08 15:07:04332][org.springframework.scheduling.quartz.SchedulerFactoryBean.startScheduler(SchedulerFactoryBean.java:649)]
Starting Quartz Scheduler now
 [INFO ][2017/05/08 15:07:04332][org.quartz.core.QuartzScheduler.start(QuartzScheduler.java:575)]
Scheduler org.springframework.scheduling.quartz.SchedulerFactoryBean#0_$_NON_CLUSTERED started.
 [INFO ][2017/05/08 15:07:04336][org.springframework.web.context.ContextLoader.initWebApplicationContext(ContextLoader.java:325)]
Root WebApplicationContext: initialization completed in 931 ms
 [INFO ][2017/05/08 15:07:04370][org.springframework.web.servlet.FrameworkServlet.initServletBean(FrameworkServlet.java:479)]
FrameworkServlet 'hfcnms': initialization started
 [INFO ][2017/05/08 15:07:04374][org.springframework.context.support.AbstractApplicationContext.prepareRefresh(AbstractApplicationContext.java:513)]
Refreshing WebApplicationContext for namespace 'hfcnms-servlet': startup date [Mon May 08 15:07:04 CST 2017]; parent: Root WebApplicationContext
 [INFO ][2017/05/08 15:07:04374][org.springframework.beans.factory.xml.XmlBeanDefinitionReader.loadBeanDefinitions(XmlBeanDefinitionReader.java:316)]
Loading XML bean definitions from ServletContext resource [/WEB-INF/hfcnms-config.xml]
 [INFO ][2017/05/08 15:07:04514][org.springframework.beans.factory.annotation.AutowiredAnnotationBeanPostProcessor.<init>(AutowiredAnnotationBeanPostProcessor.java:141)]
JSR-330 'javax.inject.Inject' annotation found and supported for autowiring
 [INFO ][2017/05/08 15:07:04773][com.xinlong.Services.ServicesDB.start(ServicesDB.java:38)]
[#3] ..... service DB starting
 [INFO ][2017/05/08 15:07:05131][org.springframework.web.servlet.handler.AbstractUrlHandlerMapping.registerHandler(AbstractUrlHandlerMapping.java:315)]
Mapped URL path [/resources/**] onto handler 'org.springframework.web.servlet.resource.ResourceHttpRequestHandler#0'
 [INFO ][2017/05/08 15:07:05136][org.springframework.web.servlet.handler.AbstractUrlHandlerMapping.registerHandler(AbstractUrlHandlerMapping.java:315)]
Mapped URL path [/**] onto handler 'org.springframework.web.servlet.resource.DefaultServletHttpRequestHandler#0'
 [INFO ][2017/05/08 15:07:05172][org.springframework.web.servlet.FrameworkServlet.initServletBean(FrameworkServlet.java:498)]
FrameworkServlet 'hfcnms': initialization completed in 802 ms
 [INFO ][2017/05/08 15:07:05267][com.xinlong.Services.ServiceHfcAlarmProcessor.start(ServiceHfcAlarmProcessor.java:70)]
[#3] ..... service HfcAlarm starting
 [INFO ][2017/05/08 15:07:07250][com.xinlong.Services.TrapReceiverBean.start(TrapReceiverBean.java:53)]
trapreceiver.start() action called, start trap receivering..........
 [INFO ][2017/05/08 15:07:07962][com.xinlong.util.MySqlUtil.getConnection(MySqlUtil.java:34)]
Communications link failure

The last packet sent successfully to the server was 0 milliseconds ago. The driver has not received any packets from the server.
 [INFO ][2017/05/08 15:07:07962][com.xinlong.Services.ServicesDB.start(ServicesDB.java:56)]
[#0] ..... ServicesDB done
 